Determining if the pthread_create exist failed with the following output:
Change Dir: /home/workspace/HomeServiceRobot/build/CMakeFiles/CMakeTmp

Run Build Command:"/usr/bin/make" "cmTC_6d866/fast"
/usr/bin/make -f CMakeFiles/cmTC_6d866.dir/build.make CMakeFiles/cmTC_6d866.dir/build
make[1]: Entering directory '/home/workspace/HomeServiceRobot/build/CMakeFiles/CMakeTmp'
Building C object CMakeFiles/cmTC_6d866.dir/CheckSymbolExists.c.o
/usr/bin/cc    -o CMakeFiles/cmTC_6d866.dir/CheckSymbolExists.c.o   -c /home/workspace/HomeServiceRobot/build/CMakeFiles/CMakeTmp/CheckSymbolExists.c
Linking C executable cmTC_6d866
/usr/local/bin/cmake -E cmake_link_script CMakeFiles/cmTC_6d866.dir/link.txt --verbose=1
/usr/bin/cc      -rdynamic CMakeFiles/cmTC_6d866.dir/CheckSymbolExists.c.o  -o cmTC_6d866 
CMakeFiles/cmTC_6d866.dir/CheckSymbolExists.c.o: In function `main':
CheckSymbolExists.c:(.text+0x16): undefined reference to `pthread_create'
collect2: error: ld returned 1 exit status
CMakeFiles/cmTC_6d866.dir/build.make:86: recipe for target 'cmTC_6d866' failed
make[1]: *** [cmTC_6d866] Error 1
make[1]: Leaving directory '/home/workspace/HomeServiceRobot/build/CMakeFiles/CMakeTmp'
Makefile:121: recipe for target 'cmTC_6d866/fast' failed
make: *** [cmTC_6d866/fast] Error 2

File /home/workspace/HomeServiceRobot/build/CMakeFiles/CMakeTmp/CheckSymbolExists.c:
/* */
#include <pthread.h>

int main(int argc, char** argv)
{
  (void)argv;
#ifndef pthread_create
  return ((int*)(&pthread_create))[argc];
#else
  (void)argc;
  return 0;
#endif
}

Determining if the function pthread_create exists in the pthreads failed with the following output:
Change Dir: /home/workspace/HomeServiceRobot/build/CMakeFiles/CMakeTmp

Run Build Command:"/usr/bin/make" "cmTC_33f25/fast"
/usr/bin/make -f CMakeFiles/cmTC_33f25.dir/build.make CMakeFiles/cmTC_33f25.dir/build
make[1]: Entering directory '/home/workspace/HomeServiceRobot/build/CMakeFiles/CMakeTmp'
Building C object CMakeFiles/cmTC_33f25.dir/CheckFunctionExists.c.o
/usr/bin/cc   -DCHECK_FUNCTION_EXISTS=pthread_create   -o CMakeFiles/cmTC_33f25.dir/CheckFunctionExists.c.o   -c /usr/local/share/cmake-3.13/Modules/CheckFunctionExists.c
Linking C executable cmTC_33f25
/usr/local/bin/cmake -E cmake_link_script CMakeFiles/cmTC_33f25.dir/link.txt --verbose=1
/usr/bin/cc  -DCHECK_FUNCTION_EXISTS=pthread_create    -rdynamic CMakeFiles/cmTC_33f25.dir/CheckFunctionExists.c.o  -o cmTC_33f25 -lpthreads 
/usr/bin/ld: cannot find -lpthreads
collect2: error: ld returned 1 exit status
CMakeFiles/cmTC_33f25.dir/build.make:86: recipe for target 'cmTC_33f25' failed
make[1]: *** [cmTC_33f25] Error 1
make[1]: Leaving directory '/home/workspace/HomeServiceRobot/build/CMakeFiles/CMakeTmp'
Makefile:121: recipe for target 'cmTC_33f25/fast' failed
make: *** [cmTC_33f25/fast] Error 2


